[00:28:41] [main/INFO]: Loading Minecraft 1.20.1 with Fabric Loader 0.16.3
[00:28:42] [main/INFO]: Loading 6 mods:
	- carpet 1.4.112+v230608
	- carpet-extra 1.4.115
	- fabricloader 0.16.3
	   \-- mixinextras 0.4.1
	- java 17
	- minecraft 1.20.1
[00:28:42] [main/INFO]: SpongePowered MIXIN Subsystem Version=0.8.7 Source=file:/workspaces/Server-pa-mi-casa/servidor_minecraft/libraries/net/fabricmc/sponge-mixin/0.15.2+mixin.0.8.7/sponge-mixin-0.15.2+mixin.0.8.7.jar Service=Knot/Fabric Env=SERVER
[00:28:42] [main/INFO]: Compatibility level set to JAVA_17
[00:28:44] [main/INFO]: Initializing MixinExtras via com.llamalad7.mixinextras.service.MixinExtrasServiceImpl(version=0.4.1).
[00:28:52] [main/INFO]: Environment: authHost='https://authserver.mojang.com', accountsHost='https://api.mojang.com', sessionHost='https://sessionserver.mojang.com', servicesHost='https://api.minecraftservices.com', name='PROD'
[00:28:54] [main/INFO]: Loaded 7 recipes
[00:28:54] [main/INFO]: Loaded 1271 advancements
[00:28:55] [Server thread/INFO]: Starting minecraft server version 1.20.1
[00:28:55] [Server thread/INFO]: Loading properties
[00:28:55] [Server thread/INFO]: Default game type: SURVIVAL
[00:28:55] [Server thread/INFO]: Generating keypair
[00:28:55] [Server thread/INFO]: Starting Minecraft server on *:25565
[00:28:55] [Server thread/INFO]: Using epoll channel type
[00:28:55] [Server thread/WARN]: **** SERVER IS RUNNING IN OFFLINE/INSECURE MODE!
[00:28:55] [Server thread/WARN]: The server will make no attempt to authenticate usernames. Beware.
[00:28:55] [Server thread/WARN]: While this makes the game possible to play without internet access, it also opens up the ability for hackers to connect with any username they choose.
[00:28:55] [Server thread/WARN]: To change this, set "online-mode" to "true" in the server.properties file.
[00:28:55] [Server thread/INFO]: Preparing level "world"
[00:28:55] [Server thread/INFO]: [CM] Loaded 3 settings from carpet.conf
[00:28:59] [Server thread/INFO]: Preparing start region for dimension minecraft:overworld
[00:29:00] [Worker-Main-1/INFO]: Preparing spawn area: 0%
[00:29:00] [Worker-Main-1/INFO]: Preparing spawn area: 0%
[00:29:00] [Worker-Main-3/INFO]: Preparing spawn area: 0%
[00:29:00] [Worker-Main-3/INFO]: Preparing spawn area: 0%
[00:29:01] [Worker-Main-1/INFO]: Preparing spawn area: 0%
[00:29:01] [Worker-Main-1/INFO]: Preparing spawn area: 0%
[00:29:02] [Worker-Main-2/INFO]: Preparing spawn area: 0%
[00:29:02] [Worker-Main-2/INFO]: Preparing spawn area: 0%
[00:29:03] [Worker-Main-1/INFO]: Preparing spawn area: 0%
[00:29:03] [Worker-Main-1/INFO]: Preparing spawn area: 0%
[00:29:04] [Worker-Main-2/INFO]: Preparing spawn area: 0%
[00:29:04] [Worker-Main-1/INFO]: Preparing spawn area: 0%
[00:29:05] [Worker-Main-3/INFO]: Preparing spawn area: 8%
[00:29:05] [Worker-Main-2/INFO]: Preparing spawn area: 77%
[00:29:05] [Server thread/INFO]: Time elapsed: 6648 ms
[00:29:05] [Server thread/INFO]: Done (10.129s)! For help, type "help"
[00:29:14] [Server thread/INFO]: Nacho_002[/127.34.116.126:36267] logged in with entity id 22 at (171.13137066809875, 63.0, 1329.300000011921)
[00:29:14] [Server thread/INFO]: Nacho_002 joined the game
[00:29:17] [Server thread/WARN]: Can't keep up! Is the server overloaded? Running 2696ms or 53 ticks behind
[00:29:17] [Server thread/INFO]: Player Nacho_002 joined with a matching carpet client
[00:29:41] [Server thread/INFO]: jesuscraft356_12[/127.34.116.126:36535] logged in with entity id 630 at (168.3599951685518, 68.0, 1321.483049110461)
[00:29:41] [Server thread/INFO]: jesuscraft356_12 joined the game
[00:29:59] [Server thread/INFO]: Nacho_002 lost connection: Timed out
[00:29:59] [Server thread/INFO]: Nacho_002 left the game
[00:30:24] [Server thread/INFO]: jesuscraft356_12 lost connection: Timed out
[00:30:24] [Server thread/INFO]: jesuscraft356_12 left the game
[00:30:26] [Server thread/INFO]: Nacho_002[/127.34.116.126:48803] logged in with entity id 766 at (171.13137066809875, 63.0, 1329.300000011921)
[00:30:26] [Server thread/INFO]: Nacho_002 joined the game
[00:30:29] [Server thread/INFO]: Player Nacho_002 joined with a matching carpet client
[00:30:39] [Server thread/INFO]: Nacho_002 lost connection: Disconnected
[00:30:39] [Server thread/INFO]: Nacho_002 left the game
